<?xml version="1.0" encoding="UTF-8"?>
<!-- Generated by org.testng.reporters.JUnitReportReporter -->
<testsuite hostname="DESKTOP-9BNPP6S" failures="0" tests="1" name="test.NewTest" time="10.996" errors="0" timestamp="2023-07-14T17:36:43 IST" skipped="0">
  <testcase classname="test.NewTest" name="f" time="10.996"/>
</testsuite> <!-- test.NewTest -->
